UniBlePlugin~/build/intermediates/manifest_merge_blame_file/release/processReleaseManifest/manifest-merger-blame-release-report.txt
1<?xml version="1.0" encoding="utf-8"?>
2<manifest xmlns:android="http://schemas.android.com/apk/res/android"
3    package="com.unible" >
4
5    <uses-sdk android:minSdkVersion="21" />
6
7    <!-- Bluetooth permissions for Android 11 and below -->
8    <uses-permission
8-->src/main/AndroidManifest.xml:5:5-95
9        android:name="android.permission.BLUETOOTH"
9-->src/main/AndroidManifest.xml:5:22-65
10        android:maxSdkVersion="30" />
10-->src/main/AndroidManifest.xml:5:66-92
11    <uses-permission
11-->src/main/AndroidManifest.xml:6:5-101
12        android:name="android.permission.BLUETOOTH_ADMIN"
12-->src/main/AndroidManifest.xml:6:22-71
13        android:maxSdkVersion="30" />
13-->src/main/AndroidManifest.xml:6:72-98
14    <uses-permission
14-->src/main/AndroidManifest.xml:7:5-106
15        android:name="android.permission.ACCESS_FINE_LOCATION"
15-->src/main/AndroidManifest.xml:7:22-76
16        android:maxSdkVersion="30" />
16-->src/main/AndroidManifest.xml:7:77-103
17
18    <!-- Bluetooth permissions for Android 12+ -->
19    <uses-permission android:name="android.permission.BLUETOOTH_SCAN" />
19-->src/main/AndroidManifest.xml:10:5-73
19-->src/main/AndroidManifest.xml:10:22-70
20    <uses-permission android:name="android.permission.BLUETOOTH_CONNECT" />
20-->src/main/AndroidManifest.xml:11:5-76
20-->src/main/AndroidManifest.xml:11:22-73
21
22    <!-- BLE feature -->
23    <uses-feature
23-->src/main/AndroidManifest.xml:14:5-90
24        android:name="android.hardware.bluetooth_le"
24-->src/main/AndroidManifest.xml:14:19-63
25        android:required="true" />
25-->src/main/AndroidManifest.xml:14:64-87
26
27</manifest>